Build started 2015-11-08 2:48:43 PM.
     1>Project "E:\C++ assignment 2\v2\Assignment2_Risk_Strategy\Assignment2_Risk_Strategy\Assignment2_Risk_Strategy.vcxproj" on node 2 (Build target(s)).
     1>ClCompile:
         C:\Program Files (x86)\Microsoft Visual Studio 12.0\VC\bin\CL.exe /c /ZI /nologo /W3 /WX- /sdl /Od /Oy- /D WIN32 /D _DEBUG /D _CONSOLE /D _LIB /D _UNICODE /D UNICODE /Gm /EHsc /RTC1 /MDd /GS /fp:precise /Zc:wchar_t /Zc:forScope /Fo"Debug\\" /Fd"Debug\vc120.pdb" /Gd /TP /analyze- /errorReport:prompt Battle.cpp BattleDriver.cpp Country.cpp Dice.cpp Player.cpp Strategy.cpp
         Strategy.cpp
         Player.cpp
         Dice.cpp
     1>e:\c++ assignment 2\v2\assignment2_risk_strategy\assignment2_risk_strategy\dice.cpp(31): warning C4244: 'argument' : conversion from 'time_t' to 'unsigned int', possible loss of data
     1>e:\c++ assignment 2\v2\assignment2_risk_strategy\assignment2_risk_strategy\dice.cpp(91): warning C4244: 'argument' : conversion from 'time_t' to 'unsigned int', possible loss of data
         Country.cpp
         BattleDriver.cpp
         Battle.cpp
         Generating Code...
       Link:
         C:\Program Files (x86)\Microsoft Visual Studio 12.0\VC\bin\link.exe /ERRORREPORT:PROMPT /OUT:"E:\C++ assignment 2\v2\Assignment2_Risk_Strategy\Debug\Assignment2_Risk_Strategy.exe" /INCREMENTAL /NOLOGO kernel32.lib user32.lib gdi32.lib winspool.lib comdlg32.lib advapi32.lib shell32.lib ole32.lib oleaut32.lib uuid.lib odbc32.lib odbccp32.lib /MANIFEST /MANIFESTUAC:"level='asInvoker' uiAccess='false'" /manifest:embed /DEBUG /PDB:"E:\C++ assignment 2\v2\Assignment2_Risk_Strategy\Debug\Assignment2_Risk_Strategy.pdb" /SUBSYSTEM:CONSOLE /TLBID:1 /DYNAMICBASE /NXCOMPAT /IMPLIB:"E:\C++ assignment 2\v2\Assignment2_Risk_Strategy\Debug\Assignment2_Risk_Strategy.lib" /MACHINE:X86 Debug\Battle.obj
         Debug\BattleDriver.obj
         Debug\Country.obj
         Debug\Dice.obj
         Debug\Player.obj
         Debug\Strategy.obj
         Assignment2_Risk_Strategy.vcxproj -> E:\C++ assignment 2\v2\Assignment2_Risk_Strategy\Debug\Assignment2_Risk_Strategy.exe
     1>Done Building Project "E:\C++ assignment 2\v2\Assignment2_Risk_Strategy\Assignment2_Risk_Strategy\Assignment2_Risk_Strategy.vcxproj" (Build target(s)).

Build succeeded.

Time Elapsed 00:00:21.34
